Created log file at "/tmp/Alacritty-22323.log"
[0.000004299s] [INFO ] [alacritty] Welcome to Alacritty
[0.000044941s] [INFO ] [alacritty] Version 0.13.2 (bb8ea18e)
[0.000049223s] [INFO ] [alacritty] Running on X11
[0.000089499s] [INFO ] [alacritty_config_derive] No config file found; using default
[0.013517355s] [INFO ] [alacritty] Using GLX 1.4
[2.644465162s] [DEBUG] [alacritty] Picked GL Config:
                                     buffer_type: Some(Rgb { r_size: 8, g_size: 8, b_size: 8 })
                                     alpha_size: 8
                                     num_samples: 0
                                     hardware_accelerated: true
                                     supports_transparency: Some(true)
                                     config_api: Api(OPENGL | GLES1 | GLES2)
                                     srgb_capable: false
[2.645239822s] [WARN ] [winit] XRandR reported that the display's 0mm in size, which is certifiably insane
[2.646529821s] [INFO ] [alacritty] Window scale factor: 1
[2.650554347s] [DEBUG] [alacritty] Loading "monospace" font
[2.656861873s] [TRACE] [crossfont] Number of fonts is 1
[2.656896104s] [TRACE] [crossfont] Got font path="/usr/share/fonts/TTF/SauceCodeProNerdFont-Regular.ttf", index=0
[2.656957884s] [DEBUG] [crossfont] Loaded Face Face { ft_face: Font Face: Regular, load_flags: TARGET_LIGHT, render_mode: "Lcd", lcd_filter: 1 }
[2.657162321s] [TRACE] [crossfont] Number of fonts is 1
[2.657185407s] [TRACE] [crossfont] Got font path="/usr/share/fonts/TTF/SauceCodeProNerdFont-Bold.ttf", index=0
[2.657256356s] [DEBUG] [crossfont] Loaded Face Face { ft_face: Font Face: Bold, load_flags: TARGET_LIGHT, render_mode: "Lcd", lcd_filter: 1 }
[2.657465818s] [TRACE] [crossfont] Number of fonts is 2
[2.657488614s] [TRACE] [crossfont] Got font path="/usr/share/fonts/TTF/SauceCodeProNerdFont-Italic.ttf", index=0
[2.657536499s] [DEBUG] [crossfont] Loaded Face Face { ft_face: Font Face: Italic, load_flags: TARGET_LIGHT, render_mode: "Lcd", lcd_filter: 1 }
[2.657763860s] [TRACE] [crossfont] Number of fonts is 2
[2.657782683s] [TRACE] [crossfont] Got font path="/usr/share/fonts/TTF/SauceCodeProNerdFont-BoldItalic.ttf", index=0
[2.657818540s] [DEBUG] [crossfont] Loaded Face Face { ft_face: Font Face: Bold Italic, load_flags: TARGET_LIGHT, render_mode: "Lcd", lcd_filter: 1 }
[2.659685914s] [INFO ] [alacritty] Running on SVGA3D; build: RELEASE;  LLVM;
[2.659698078s] [INFO ] [alacritty] OpenGL version 3.3 (Core Profile) Mesa 24.2.2-arch1.1, shader_version 3.30
[2.659706698s] [INFO ] [alacritty] Using OpenGL 3.3 renderer
[2.671772427s] [DEBUG] [alacritty] Enabled debug logging for OpenGL
[2.671790755s] [DEBUG] [alacritty] Filling glyph cache with common glyphs
[2.675847800s] [INFO ] [alacritty] Cell size: 9 x 20
[2.675860077s] [INFO ] [alacritty] Padding: 0 x 0
[2.675863219s] [INFO ] [alacritty] Width: 800, Height: 600
[2.689504859s] [TRACE] [alacritty] Deriving dim colors from normal colors
[2.689517983s] [INFO ] [alacritty] PTY dimensions: 30 x 88
[2.691366239s] [INFO ] [alacritty] Initialisation complete
[2.692234653s] [DEBUG] [alacritty_terminal] New num_cols is 88 and num_lines is 28
[2.692955034s] [INFO ] [alacritty] Padding: 0 x 0
[2.692963938s] [INFO ] [alacritty] Width: 800, Height: 600
[2.693700489s] [DEBUG] [alacritty] [gl_render] generating temporary index buffer for drawing MESA_PRIM_TRIANGLES
[2.721146285s] [TRACE] [alacritty_terminal] Setting private mode: BracketedPaste
[2.734308184s] [TRACE] [alacritty_terminal] Setting title to 'Some("~/.l/s/wm")'
[2.734367399s] [TRACE] [alacritty_terminal] Setting attribute: Foreground(Named(Black))
[2.734374396s] [TRACE] [alacritty_terminal] Configuring charset G0 as Ascii
[2.734377631s] [TRACE] [alacritty_terminal] Setting attribute: Reset
[2.734380229s] [TRACE] [alacritty_terminal] Carriage return
[2.734382981s] [TRACE] [alacritty_terminal] Setting attribute: Foreground(Named(BrightGreen))
[2.734388534s] [TRACE] [alacritty_terminal] Configuring charset G0 as Ascii
[2.734391101s] [TRACE] [alacritty_terminal] Setting attribute: Reset
[2.734393344s] [TRACE] [alacritty_terminal] Configuring charset G0 as Ascii
[2.734403889s] [TRACE] [alacritty_terminal] Setting attribute: Reset
[2.734406839s] [TRACE] [alacritty_terminal] Configuring charset G0 as Ascii
[2.734408962s] [TRACE] [alacritty_terminal] Setting attribute: Reset
[2.734411331s] [TRACE] [alacritty_terminal] Setting attribute: Foreground(Named(Green))
[2.734415940s] [TRACE] [alacritty_terminal] Configuring charset G0 as Ascii
[2.734418510s] [TRACE] [alacritty_terminal] Setting attribute: Reset
[2.734420813s] [TRACE] [alacritty_terminal] Configuring charset G0 as Ascii
[2.734423045s] [TRACE] [alacritty_terminal] Setting attribute: Reset
[2.734426112s] [TRACE] [alacritty_terminal] Clearing line: Right
[2.734428597s] [TRACE] [alacritty_terminal] Carriage return
[2.734430844s] [TRACE] [alacritty_terminal] Moving forward: 33
[2.739853995s] [DEBUG] [alacritty] [gl_render] generating temporary index buffer for drawing MESA_PRIM_TRIANGLES
[6.744386510s] [DEBUG] [alacritty] [gl_render] generating temporary index buffer for drawing MESA_PRIM_TRIANGLES
